========================================================================================================================
|		TAC Translation		|
  0. :t000	=	2 
  1. :t001	=	n % t000
  2. :t002	=	0 
  3. :if  t001 ==t002	goto  5
  4. :goto 8
  5. :param	n
  6. :t003	=	call f_even, 1
  7. :goto 12
  8. :param	n
  9. :t004	=	call f_odd, 1
 10. :t005	=	t004 
 11. :goto 14
 12. :t005	=	t003 
 13. :goto 14
 14. :return	t005
 15. :t006	=	1 
 16. :if  n ==t006	goto  18
 17. :goto 20
 18. :t007	=	1 
 19. :goto 31
 20. :t008	=	1 
 21. :t009	=	n - t008
 22. :param	t009
 23. :t010	=	call f_even, 1
 24. :t011	=	2 
 25. :t012	=	n - t011
 26. :param	t012
 27. :t013	=	call f_odd, 1
 28. :t014	=	t010 + t013
 29. :t015	=	t014 
 30. :goto 33
 31. :t015	=	t007 
 32. :goto 33
 33. :return	t015
 34. :t016	=	0 
 35. :if  n ==t016	goto  37
 36. :goto 39
 37. :t017	=	0 
 38. :goto 50
 39. :t018	=	1 
 40. :t019	=	n - t018
 41. :param	t019
 42. :t020	=	call f_odd, 1
 43. :t021	=	2 
 44. :t022	=	n - t021
 45. :param	t022
 46. :t023	=	call f_even, 1
 47. :t024	=	t020 + t023
 48. :t025	=	t024 
 49. :goto 52
 50. :t025	=	t017 
 51. :goto 52
 52. :return	t025
 53. :t026	=	10 
 54. :n	=	t026 
 55. :param	n
 56. :t027	=	call fibonacci, 1
 57. :r	=	t027 
 58. :param	_0
 59. :t028	=	call printStr, 1
 60. :param	n
 61. :t029	=	call printInt, 1
 62. :param	_1
 63. :t030	=	call printStr, 1
 64. :param	r
 65. :t031	=	call printInt, 1
 66. :t032	=	0 
 67. :return	t032
========================================================================================================================


========================================================================================================================
|		Symbol Tables		|

+++++++++++++++++++++++++++++++++++++++++++++++++++++++++++++++++++++++++++++++++++++
Symbol Table : Global
Offset = 0
Start Quad Index = 0
End Quad Index =  0
Name           Value     var_type  size      Offset    Type      
printStr       Null      func      0         -1        ptr-to-St( Global )INT 
printInt       Null      func      0         -1        ptr-to-St( Global )INT 
readInt        Null      func      0         -1        ptr-to-St( Global )INT 
f_odd          Null      func      0         -1        ptr-to-St( f_odd )INT 
f_even         Null      func      0         -1        ptr-to-St( f_even )INT 
fibonacci      Null      func      0         -1        ptr-to-St( fibonacci )INT 
main           Null      func      0         -1        ptr-to-St( main )INT 

+++++++++++++++++++++++++++++++++++++++++++++++++++++++++++++++++++++++++++++++++++++
========================================================================================================================

+++++++++++++++++++++++++++++++++++++++++++++++++++++++++++++++++++++++++++++++++++++
Symbol Table : f_odd
Offset = -44
Start Quad Index = 15
End Quad Index =  33
Name           Value     var_type  size      Offset    Type      
retVal         Null      return    4         0         INT 
n              Null      param     4         -4        INT 
t006           1         temp      4         -8        INT 
t007           1         temp      4         -12       INT 
t008           1         temp      4         -16       INT 
t009           Null      temp      4         -20       INT 
t010           Null      temp      4         -24       INT 
t011           2         temp      4         -28       INT 
t012           Null      temp      4         -32       INT 
t013           Null      temp      4         -36       INT 
t014           Null      temp      4         -40       INT 
t015           Null      temp      4         -44       INT 

+++++++++++++++++++++++++++++++++++++++++++++++++++++++++++++++++++++++++++++++++++++

+++++++++++++++++++++++++++++++++++++++++++++++++++++++++++++++++++++++++++++++++++++
Symbol Table : f_even
Offset = -44
Start Quad Index = 34
End Quad Index =  52
Name           Value     var_type  size      Offset    Type      
retVal         Null      return    4         0         INT 
n              Null      param     4         -4        INT 
t016           0         temp      4         -8        INT 
t017           0         temp      4         -12       INT 
t018           1         temp      4         -16       INT 
t019           Null      temp      4         -20       INT 
t020           Null      temp      4         -24       INT 
t021           2         temp      4         -28       INT 
t022           Null      temp      4         -32       INT 
t023           Null      temp      4         -36       INT 
t024           Null      temp      4         -40       INT 
t025           Null      temp      4         -44       INT 

+++++++++++++++++++++++++++++++++++++++++++++++++++++++++++++++++++++++++++++++++++++

+++++++++++++++++++++++++++++++++++++++++++++++++++++++++++++++++++++++++++++++++++++
Symbol Table : fibonacci
Offset = -28
Start Quad Index = 0
End Quad Index =  14
Name           Value     var_type  size      Offset    Type      
retVal         Null      return    4         0         INT 
n              Null      param     4         -4        INT 
t000           2         temp      4         -8        INT 
t001           Null      temp      4         -12       INT 
t002           0         temp      4         -16       INT 
t003           Null      temp      4         -20       INT 
t004           Null      temp      4         -24       INT 
t005           Null      temp      4         -28       INT 

+++++++++++++++++++++++++++++++++++++++++++++++++++++++++++++++++++++++++++++++++++++

+++++++++++++++++++++++++++++++++++++++++++++++++++++++++++++++++++++++++++++++++++++
Symbol Table : main
Offset = -36
Start Quad Index = 53
End Quad Index =  67
Name           Value     var_type  size      Offset    Type      
retVal         Null      return    4         0         INT 
n              10        local     4         -4        INT 
t026           10        temp      4         -8        INT 
r              Null      local     4         -12       INT 
t027           Null      temp      4         -16       INT 
t028           Null      temp      4         -20       INT 
t029           Null      temp      4         -24       INT 
t030           Null      temp      4         -28       INT 
t031           Null      temp      4         -32       INT 
t032           0         temp      4         -36       INT 

+++++++++++++++++++++++++++++++++++++++++++++++++++++++++++++++++++++++++++++++++++++
